<?xml version="1.0" encoding="UTF-8"?>
<testng-results ignored="0" total="1" passed="1" failed="0" skipped="0">
  <reporter-output>
  </reporter-output>
  <suite started-at="2026-07-18T19:39:32 IST" name="Default suite" finished-at="2026-07-18T19:39:37 IST" duration-ms="4504">
    <groups>
    </groups>
    <test started-at="2026-07-18T19:39:32 IST" name="Default test" finished-at="2026-07-18T19:39:37 IST" duration-ms="4504">
      <class name="tests.GoogleTest">
        <test-method signature="verifyGoogleTitle()[pri:0, instance:tests.GoogleTest@3646a422]" started-at="2026-07-18T19:39:32 IST" name="verifyGoogleTitle" finished-at="2026-07-18T19:39:37 IST" duration-ms="4472" status="PASS">
          <reporter-output>
          </reporter-output>
        </test-method> <!-- verifyGoogleTitle -->
      </class> <!-- tests.GoogleTest -->
    </test> <!-- Default test -->
  </suite> <!-- Default suite -->
</testng-results>
